<?xml version="1.0" encoding="UTF-8"?>
<testsuite name="com.wallace.admin.catalogo.infrastructure.MainTest" tests="1" skipped="0" failures="0" errors="0" timestamp="2023-04-20T03:27:53" hostname="WALLACE" time="0.019">
  <properties/>
  <testcase name="testMain()" classname="com.wallace.admin.catalogo.infrastructure.MainTest" time="0.019"/>
  <system-out><![CDATA[Hello world!
com.wallace.admin.catalogo.domain.Category@624ea235
]]></system-out>
  <system-err><![CDATA[]]></system-err>
</testsuite>
