<?xml version="1.0" encoding="UTF-8"?>
<testsuite name="com.wallace.admin.catalogo.domain.category.CategoryTest" tests="1" skipped="0" failures="0" errors="0" timestamp="2023-04-20T16:23:03" hostname="WALLACE" time="0.018">
  <properties/>
  <testcase name="givenAValidCategory_whenCallUpdateWithInvalidParams_thenReturnCategoryUpdated()" classname="com.wallace.admin.catalogo.domain.category.CategoryTest" time="0.018"/>
  <system-out><![CDATA[]]></system-out>
  <system-err><![CDATA[]]></system-err>
</testsuite>
